This is pdfeTeX, Version 3.141592-1.30.6-2.2 (MiKTeX 2.5) (preloaded format=pdflatex 2006.10.8)  6 DEC 2006 13:29
entering extended mode
**C:/workspace/hivm-svn/trunk/doc/HivmTex/HivmTex.tex
(C:\workspace\hivm-svn\trunk\doc\HivmTex\HivmTex.tex
LaTeX2e <2005/12/01>
Babel <v3.8g> and hyphenation patterns for english, dumylang, nohyphenation, ge
rman, ngerman, french, loaded.
("C:\Program Files\MiKTeX 2.5\tex\latex\base\report.cls"
Document Class: report 2005/09/16 v1.4f Standard LaTeX document class
("C:\Program Files\MiKTeX 2.5\tex\latex\base\size12.clo"
File: size12.clo 2005/09/16 v1.4f Standard LaTeX file (size option)
)
\c@part=\count79
\c@chapter=\count80
\c@section=\count81
\c@subsection=\count82
\c@subsubsection=\count83
\c@paragraph=\count84
\c@subparagraph=\count85
\c@figure=\count86
\c@table=\count87
\abovecaptionskip=\skip41
\belowcaptionskip=\skip42
\bibindent=\dimen102
)
("C:\Program Files\MiKTeX 2.5\tex\latex\base\latexsym.sty"
Package: latexsym 1998/08/17 v2.2e Standard LaTeX package (lasy symbols)
\symlasy=\mathgroup4
LaTeX Font Info:    Overwriting symbol font `lasy' in version `bold'
(Font)                  U/lasy/m/n --> U/lasy/b/n on input line 47.
)
("C:\Program Files\MiKTeX 2.5\tex\generic\psfig\psfig.sty"
\@unused=\write3
\ps@stream=\read1
\p@intvaluex=\dimen103
\p@intvaluey=\dimen104

psfig/tex 1.10-dvips
) (sfsuthesis.sty
Document Style Option `quthesis' <9 Jan 1992>.
("C:\Program Files\MiKTeX 2.5\tex\latex\fancyhdr\fancyhdr.sty"
\fancy@headwidth=\skip43
\f@ncyO@elh=\skip44
\f@ncyO@erh=\skip45
\f@ncyO@olh=\skip46
\f@ncyO@orh=\skip47
\f@ncyO@elf=\skip48
\f@ncyO@erf=\skip49
\f@ncyO@olf=\skip50
\f@ncyO@orf=\skip51
)

Package Fancyhdr Warning: \fancyhead's `E' option without twoside option is use
less on input line 236.

) ("C:\Program Files\MiKTeX 2.5\tex\latex\graphics\graphicx.sty"
Package: graphicx 1999/02/16 v1.0f Enhanced LaTeX Graphics (DPC,SPQR)

("C:\Program Files\MiKTeX 2.5\tex\latex\graphics\keyval.sty"
Package: keyval 1999/03/16 v1.13 key=value parser (DPC)
\KV@toks@=\toks14
)
("C:\Program Files\MiKTeX 2.5\tex\latex\graphics\graphics.sty"
Package: graphics 2006/02/20 v1.0o Standard LaTeX Graphics (DPC,SPQR)

("C:\Program Files\MiKTeX 2.5\tex\latex\graphics\trig.sty"
Package: trig 1999/03/16 v1.09 sin cos tan (DPC)
)
("C:\Program Files\MiKTeX 2.5\tex\latex\00miktex\graphics.cfg"
File: graphics.cfg 2005/12/29 v1.2 MiKTeX 'graphics' configuration
)
Package graphics Info: Driver file: pdftex.def on input line 90.

("C:\Program Files\MiKTeX 2.5\tex\latex\graphics\pdftex.def"
File: pdftex.def 2006/08/14 v0.03t Graphics/color for pdfTeX
\Gread@gobject=\count88
))
\Gin@req@height=\dimen105
\Gin@req@width=\dimen106
) (HivmTex.aux

LaTeX Warning: Label `sec:Datasets' multiply defined.


LaTeX Warning: Label `sec:Comparison to Similar Software' multiply defined.

)
LaTeX Font Info:    Checking defaults for OML/cmm/m/it on input line 24.
LaTeX Font Info:    ... okay on input line 24.
LaTeX Font Info:    Checking defaults for T1/cmr/m/n on input line 24.
LaTeX Font Info:    ... okay on input line 24.
LaTeX Font Info:    Checking defaults for OT1/cmr/m/n on input line 24.
LaTeX Font Info:    ... okay on input line 24.
LaTeX Font Info:    Checking defaults for OMS/cmsy/m/n on input line 24.
LaTeX Font Info:    ... okay on input line 24.
LaTeX Font Info:    Checking defaults for OMX/cmex/m/n on input line 24.
LaTeX Font Info:    ... okay on input line 24.
LaTeX Font Info:    Checking defaults for U/cmr/m/n on input line 24.
LaTeX Font Info:    ... okay on input line 24.
 ("C:\Program Files\MiKTeX 2.5\tex\context\base\supp-pdf.tex"
("C:\Program Files\MiKTeX 2.5\tex\context\base\supp-mis.tex"
loading : Context Support Macros / Miscellaneous (2004.10.26)
\protectiondepth=\count89
\scratchcounter=\count90
\scratchtoks=\toks15
\scratchdimen=\dimen107
\scratchskip=\skip52
\scratchmuskip=\muskip10
\scratchbox=\box26
\scratchread=\read2
\scratchwrite=\write4
\zeropoint=\dimen108
\onepoint=\dimen109
\onebasepoint=\dimen110
\minusone=\count91
\thousandpoint=\dimen111
\onerealpoint=\dimen112
\emptytoks=\toks16
\nextbox=\box27
\nextdepth=\dimen113
\everyline=\toks17
\!!counta=\count92
\!!countb=\count93
\recursecounter=\count94
)
loading : Context Support Macros / PDF (2004.03.26)
\nofMPsegments=\count95
\nofMParguments=\count96
\MPscratchCnt=\count97
\MPscratchDim=\dimen114
\MPnumerator=\count98
\everyMPtoPDFconversion=\toks18
)
Underfull \hbox (badness 10000) in paragraph at lines 28--28

 []

[1

{psfonts.map}]

Package Fancyhdr Warning: \headheight is too small (12.0pt): 
 Make it at least 14.49998pt.
 We now make it that large for the rest of the document.
 This may cause the page layout to be inconsistent, however.

[2] [1


] (HivmTex.toc
LaTeX Font Info:    External font `cmex10' loaded for size
(Font)              <12> on input line 2.
LaTeX Font Info:    External font `cmex10' loaded for size
(Font)              <8> on input line 2.
LaTeX Font Info:    External font `cmex10' loaded for size
(Font)              <6> on input line 2.
LaTeX Font Info:    Try loading font information for U+lasy on input line 2.
 ("C:\Program Files\MiKTeX 2.5\tex\latex\base\ulasy.fd"
File: ulasy.fd 1998/08/17 v2.2e LaTeX symbol font definitions
)
[2


] [3] [4])
\tf@toc=\write5
 [5] (HivmTex.lof)
\tf@lof=\write6
 [6


]
Chapter 1.
[1


]
LaTeX Font Info:    Try loading font information for OMS+cmr on input line 52.
 ("C:\Program Files\MiKTeX 2.5\tex\latex\base\omscmr.fd"
File: omscmr.fd 1999/05/25 v2.5h Standard LaTeX font definitions
)
LaTeX Font Info:    Font shape `OMS/cmr/m/n' in size <12> not available
(Font)              Font shape `OMS/cmsy/m/n' tried instead on input line 52.

Underfull \hbox (badness 10000) in paragraph at lines 57--59

 []

[2] [3]
Chapter 2.
[4

] [5] [6]
Missing character: There is no … in font cmr12!
 [7] [8] [9] [10] [11] [12]
Chapter 3.
Missing character: There is no “ in font cmr12!
Missing character: There is no ” in font cmr12!
[13

]
Overfull \hbox (20.72253pt too wide) in paragraph at lines 169--170
[]\OT1/cmr/m/n/12 Additionally Scholkopf notes in ``Ma-chine Learn-ing with Pos
-i-tive Def-i-nite Kernels'',[[]] 
 []

[14]
Overfull \hbox (0.78574pt too wide) in paragraph at lines 184--184
[]\OT1/cmr/bx/n/17.28 Two prob-lems over-come by sup-port vec-tor ma-
 []

[15] [16] [17] [18]
Missing character: There is no … in font cmr12!

Overfull \hbox (25.51714pt too wide) in paragraph at lines 252--253
[]\OT1/cmr/m/n/12 Suppose that the train-ing data con-sist-ing of n sam-ples $(
[][]\OML/cmm/m/it/12 ; y[]\OT1/cmr/m/n/12 )\OML/cmm/m/it/12 ; ; \OT1/cmr/m/n/12
 ([][]\OML/cmm/m/it/12 ; y[]\OT1/cmr/m/n/12 )\OML/cmm/m/it/12 ; [] \OMS/cmsy/m/
n/12 2
 []

<images/hyperplane1.png, id=114, 731.73375pt x 621.32124pt>
File: images/hyperplane1.png Graphic file (type png)

<use images/hyperplane1.png> [19] [20 <images/hyperplane1.png (PNG copy)>]
<images/hyperplane2.png, id=121, 750.805pt x 624.3325pt>
File: images/hyperplane2.png Graphic file (type png)

<use images/hyperplane2.png> [21] [22 <images/hyperplane2.png (PNG copy)>]
[23] [24] [25] [26] [27] [28] [29] [30]
Chapter 4.
[31

] [32]
Underfull \hbox (badness 10000) in paragraph at lines 497--500

 []


Underfull \hbox (badness 10000) in paragraph at lines 503--504

 []

[33] [34] [35] [36] [37] [38]
Chapter 5.
[39

] [40] [41]
Missing character: There is no • in font cmr12!
Missing character: There is no • in font cmr12!
Missing character: There is no • in font cmr12!
 [42]
Missing character: There is no • in font cmr12!

Underfull \hbox (badness 10000) in paragraph at lines 633--634

 []

Missing character: There is no “ in font cmr12!
Missing character: There is no ” in font cmr12!

Overfull \hbox (2.47873pt too wide) in paragraph at lines 635--637
\OT1/cmr/m/n/12 Lin, Chang and Hsu rec-om-mend a sim-ple grid-search on C and $
\OML/cmm/m/it/12 $ \OT1/cmr/m/n/12 us-ing cross-validation.
 []

[43] [44] [45]
Underfull \hbox (badness 10000) in paragraph at lines 676--677

 []

[46] <images/LPV-CrossValbt10_roc_curve.png, id=214, 642.4pt x 481.8pt>
File: images/LPV-CrossValbt10_roc_curve.png Graphic file (type png)

<use images/LPV-CrossValbt10_roc_curve.png> [47] [48 <images/LPV-CrossValbt10_r
oc_curve.png (PNG copy)>] [49] [50]
Overfull \hbox (48.03024pt too wide) in paragraph at lines 790--790
[] \OT1/cmtt/m/n/12 +--------------------+        +----------------------------
-----------------+[] 
 []


Overfull \hbox (48.03024pt too wide) in paragraph at lines 790--790
[] \OT1/cmtt/m/n/12 |v1|v2|...        |vk|        |l1|l2|l3|              ...  
              |ln|[] 
 []


Overfull \hbox (48.03024pt too wide) in paragraph at lines 790--790
[] \OT1/cmtt/m/n/12 +--------------------+        +----------------------------
-----------------+[] 
 []


Overfull \hbox (48.03024pt too wide) in paragraph at lines 790--790
[] \OT1/cmtt/m/n/12 +--------------------+        +----------------------------
-----------------+[] 
 []


Overfull \hbox (48.03024pt too wide) in paragraph at lines 790--790
[] \OT1/cmtt/m/n/12 |x1|x2|...        |xk|        |y1|y2|y3|              ...  
              |yn|[] 
 []


Overfull \hbox (48.03024pt too wide) in paragraph at lines 790--790
[] \OT1/cmtt/m/n/12 +--------------------+        +----------------------------
-----------------+[] 
 []

[51] [52] [53] [54]

LaTeX Warning: Citation `boost' on page 55 undefined on input line 828.

[55]
Underfull \hbox (badness 10000) in paragraph at lines 851--852

 []

[56]
Underfull \hbox (badness 10000) in paragraph at lines 857--870

 []

[57]
Underfull \hbox (badness 10000) in paragraph at lines 875--876

 []

<images/hivdb_dataset.png, id=254, 353.32pt x 803.0pt>
File: images/hivdb_dataset.png Graphic file (type png)

<use images/hivdb_dataset.png> [58] [59 <images/hivdb_dataset.png (PNG copy)>]
Underfull \hbox (badness 10000) in paragraph at lines 892--900

 []


Underfull \hbox (badness 10000) in paragraph at lines 892--900

 []

[60] <images/hivm-uml.png, id=266, 791.95876pt x 1113.15875pt>
File: images/hivm-uml.png Graphic file (type png)

<use images/hivm-uml.png>

LaTeX Warning: Float too large for page by 50.93346pt on input line 915.

<images/HivmStateChartv2.png, id=267, 456.70625pt x 934.49126pt>
File: images/HivmStateChartv2.png Graphic file (type png)

<use images/HivmStateChartv2.png>

LaTeX Warning: Float too large for page by 26.85611pt on input line 922.

[61] [62 <images/hivm-uml.png (PNG copy)>] [63 <images/HivmStateChartv2.png (PN
G copy)>] [64] [65]
Underfull \hbox (badness 10000) in paragraph at lines 996--997

 []


Underfull \hbox (badness 10000) in paragraph at lines 998--999

 []


Underfull \hbox (badness 10000) in paragraph at lines 1000--1001

 []


Underfull \hbox (badness 10000) in paragraph at lines 1004--1005

 []

[66]
Underfull \hbox (badness 10000) in paragraph at lines 1006--1008

 []


Overfull \hbox (6.47934pt too wide) in paragraph at lines 1009--1012
\OT1/cmr/m/n/12 BOOST[]CHECK[]EQUAL( spread[]sheet.at(5).size(), 122 );//cor-re
ct num-ber of spread-
 []


Underfull \hbox (badness 10000) in paragraph at lines 1009--1012

 []


Underfull \hbox (badness 10000) in paragraph at lines 1013--1016

 []


Underfull \hbox (badness 10000) in paragraph at lines 1017--1019

 []


Underfull \hbox (badness 10000) in paragraph at lines 1020--1023

 []

[67]
Underfull \hbox (badness 10000) in paragraph at lines 1024--1026

 []


Underfull \hbox (badness 10000) in paragraph at lines 1027--1028

 []


Underfull \hbox (badness 10000) in paragraph at lines 1031--1033

 []

[68]
Underfull \hbox (badness 10000) in paragraph at lines 1034--1035

 []


Underfull \hbox (badness 10000) in paragraph at lines 1036--1038

 []


Underfull \hbox (badness 10000) in paragraph at lines 1039--1041

 []


Underfull \hbox (badness 10000) in paragraph at lines 1042--1047

 []


Underfull \hbox (badness 10000) in paragraph at lines 1042--1047

 []

[69] [70]
Overfull \hbox (35.68024pt too wide) in paragraph at lines 1120--1120
[]  \OT1/cmtt/m/n/12 -t [ --thresholds ] arg  Low and high thresholds for drug 
fold resistance.[] 
 []


Overfull \hbox (54.20525pt too wide) in paragraph at lines 1120--1120
[]  \OT1/cmtt/m/n/12 -w [ --wild-type ] arg   Wild Type Enzyme Sequence File [.
./data/PI_wild.seq][] 
 []


Overfull \hbox (41.85524pt too wide) in paragraph at lines 1120--1120
[]  \OT1/cmtt/m/n/12 -s [ --seed ] arg        Seed for training/test set partit
ion, pos. integer[] 
 []


Overfull \hbox (35.68024pt too wide) in paragraph at lines 1120--1120
[]  \OT1/cmtt/m/n/12 -e [ --suscep-type ] arg Type of susceptibility (clinical,
 lab, all) [all][] 
 []


Overfull \hbox (48.03024pt too wide) in paragraph at lines 1120--1120
[]  \OT1/cmtt/m/n/12 -b [ --probability ] arg Adds probability info. Changes SV
M predicted class.[] 
 []


Overfull \hbox (54.20525pt too wide) in paragraph at lines 1120--1120
[]  \OT1/cmtt/m/n/12 -c [ --lg-cost-c ] arg    SVM lg(cost) parameter.  Good ch
oice is critical to[] 
 []


Overfull \hbox (54.20525pt too wide) in paragraph at lines 1120--1120
[]  \OT1/cmtt/m/n/12 -g [ --lg-gamma-g ] arg   SVM lg(gamma) parameter. Good ch
oice is critical to[] 
 []

[71]
Overfull \hbox (29.50523pt too wide) in paragraph at lines 1120--1120
[]  \OT1/cmtt/m/n/12 -q [ --test-dataset ] arg HIVDB Susceptibility Test Datase
t File. If set,[] 
 []


Overfull \hbox (41.85524pt too wide) in paragraph at lines 1120--1120
[]                            \OT1/cmtt/m/n/12 entire hivdb-file is used for tr
aining data. Seed[] 
 []


Overfull \hbox (23.33023pt too wide) in paragraph at lines 1120--1120
[]                            \OT1/cmtt/m/n/12 to split susceptibility file is 
ignored. [N/A][] 
 []


Overfull \hbox (23.33023pt too wide) in paragraph at lines 1120--1120
[]  \OT1/cmtt/m/n/12 -x [ --lg-cost-low ] arg   SVM lg(cost) parameter, grid se
arch low bound[] 
 []


Overfull \hbox (29.50523pt too wide) in paragraph at lines 1120--1120
[]  \OT1/cmtt/m/n/12 -y [ --lg-cost-high ] arg  SVM lg(cost) parameter, grid se
arch high bound[] 
 []


Overfull \hbox (48.03024pt too wide) in paragraph at lines 1120--1120
[]  \OT1/cmtt/m/n/12 -z [ --lg-cost-inc ] arg   SVM lg(cost) parameter, grid se
arch increment [2][] 
 []


Overfull \hbox (29.50523pt too wide) in paragraph at lines 1120--1120
[]  \OT1/cmtt/m/n/12 -l [ --lg-gamma-low ] arg  SVM lg(gamma) parameter, grid s
earch low bound[] 
 []


Overfull \hbox (35.68024pt too wide) in paragraph at lines 1120--1120
[]  \OT1/cmtt/m/n/12 -m [ --lg-gamma-high ] arg SVM lg(gamma) parameter, grid s
earch high bound[] 
 []


Overfull \hbox (54.20525pt too wide) in paragraph at lines 1120--1120
[]  \OT1/cmtt/m/n/12 -n [ --lg-gamma-inc ] arg  SVM lg(gamma) parameter, grid s
earch increment [2][] 
 []


Overfull \hbox (54.20525pt too wide) in paragraph at lines 1120--1120
[]                             \OT1/cmtt/m/n/12 model selection. Seed to split 
susceptibility file[] 
 []

<images/descr_directories_files_hiv.png, id=303, 648.4225pt x 605.26125pt>
File: images/descr_directories_files_hiv.png Graphic file (type png)

<use images/descr_directories_files_hiv.png>
Overfull \hbox (30.92862pt too wide) in paragraph at lines 1127--1128
 [][] 
 []

[72] [73 <images/descr_directories_files_hiv.png (PNG copy)>]
Underfull \hbox (badness 10000) in paragraph at lines 1135--1138

 []


Underfull \hbox (badness 10000) in paragraph at lines 1139--1144

 []


Underfull \hbox (badness 10000) in paragraph at lines 1145--1147

 []


Underfull \hbox (badness 10000) in paragraph at lines 1148--1150

 []


Underfull \hbox (badness 10000) in paragraph at lines 1151--1153

 []


Underfull \hbox (badness 10000) in paragraph at lines 1154--1156

 []


Underfull \hbox (badness 10000) in paragraph at lines 1157--1161

 []

[74]
Underfull \hbox (badness 10000) in paragraph at lines 1162--1164

 []


Underfull \hbox (badness 10000) in paragraph at lines 1167--1169

 []


Underfull \hbox (badness 10000) in paragraph at lines 1170--1171

 []


Underfull \hbox (badness 10000) in paragraph at lines 1172--1173

 []


Underfull \hbox (badness 10000) in paragraph at lines 1174--1176

 []


Underfull \hbox (badness 10000) in paragraph at lines 1177--1178

 []


Underfull \hbox (badness 10000) in paragraph at lines 1179--1180

 []


Underfull \hbox (badness 10000) in paragraph at lines 1181--1182

 []

[75]
Overfull \hbox (0.31187pt too wide) in paragraph at lines 1183--1184
[]\OT1/cmr/m/n/12 model[]selection[]results.zip - Archive of re-sults from run-
ning model se-lec-tion scripts 
 []


Underfull \hbox (badness 10000) in paragraph at lines 1183--1184

 []


Underfull \hbox (badness 10000) in paragraph at lines 1185--1186

 []


Underfull \hbox (badness 10000) in paragraph at lines 1187--1188

 []


Underfull \hbox (badness 10000) in paragraph at lines 1189--1190

 []


Underfull \hbox (badness 10000) in paragraph at lines 1191--1192

 []


Underfull \hbox (badness 10000) in paragraph at lines 1193--1194

 []


Underfull \hbox (badness 10000) in paragraph at lines 1195--1210

 []

[76]
Underfull \hbox (badness 10000) in paragraph at lines 1211--1212

 []


Underfull \hbox (badness 10000) in paragraph at lines 1213--1214

 []


Underfull \hbox (badness 10000) in paragraph at lines 1215--1216

 []


Underfull \hbox (badness 10000) in paragraph at lines 1217--1218

 []


Underfull \hbox (badness 10000) in paragraph at lines 1219--1220

 []

[77]
Underfull \hbox (badness 10000) in paragraph at lines 1221--1222

 []


Underfull \hbox (badness 10000) in paragraph at lines 1223--1229

 []


Underfull \hbox (badness 10000) in paragraph at lines 1230--1231

 []


Underfull \hbox (badness 10000) in paragraph at lines 1232--1233

 []


Underfull \hbox (badness 10000) in paragraph at lines 1234--1235

 []


Underfull \hbox (badness 10000) in paragraph at lines 1236--1251

 []

[78]
Underfull \hbox (badness 10000) in paragraph at lines 1252--1253

 []


Underfull \hbox (badness 10000) in paragraph at lines 1254--1255

 []


Underfull \hbox (badness 10000) in paragraph at lines 1256--1257

 []


Underfull \hbox (badness 10000) in paragraph at lines 1260--1261

 []


Underfull \hbox (badness 10000) in paragraph at lines 1262--1263

 []

[79]
Underfull \hbox (badness 10000) in paragraph at lines 1264--1265

 []


Underfull \hbox (badness 10000) in paragraph at lines 1266--1267

 []

[80]
Chapter 6.

Underfull \hbox (badness 10000) in paragraph at lines 1277--1280

 []


Underfull \hbox (badness 10000) in paragraph at lines 1288--1289

 []

[81

]
Underfull \hbox (badness 10000) in paragraph at lines 1290--1291

 []


Underfull \hbox (badness 10000) in paragraph at lines 1292--1293

 []


Overfull \hbox (59.10959pt too wide) in paragraph at lines 1294--1297
\OT1/cmr/m/n/12 /hivm/samples/with[]probability/model[]validation[]results/APV-
modelValidation[]t10[]results.csv 
 []


Overfull \hbox (76.08163pt too wide) in paragraph at lines 1294--1297
\OT1/cmr/m/n/12 /hivm/samples/without[]probability/model[]validation[]results/A
PV-modelValidation[]t10[]results.csv 
 []


Underfull \hbox (badness 10000) in paragraph at lines 1294--1297

 []


Underfull \hbox (badness 10000) in paragraph at lines 1298--1299

 []

[82]
Overfull \hbox (59.66595pt too wide) in paragraph at lines 1304--1307
\OT1/cmr/m/n/12 /hivm/samples/with[]probability/model[]validation[]results/mode
l[]validation[]results[]summary.xls 
 []


Overfull \hbox (76.638pt too wide) in paragraph at lines 1304--1307
\OT1/cmr/m/n/12 /hivm/samples/without[]probability/model[]validation[]results/m
odel[]validation[]results[]summary.xls 
 []


Underfull \hbox (badness 10000) in paragraph at lines 1304--1307

 []

[83]
<images/model-validation-with-probability_summary_vertical.png, id=343, 644.407
5pt x 1256.695pt>
File: images/model-validation-with-probability_summary_vertical.png Graphic fil
e (type png)

<use images/model-validation-with-probability_summary_vertical.png>

LaTeX Warning: Float too large for page by 26.81932pt on input line 1314.

[84] [85 <images/model-validation-with-probability_summary_vertical.png (PNG co
py)>]
Underfull \hbox (badness 10000) in paragraph at lines 1331--1332

 []


Underfull \hbox (badness 10000) in paragraph at lines 1333--1334

 []


Underfull \hbox (badness 10000) in paragraph at lines 1335--1336

 []


Underfull \hbox (badness 10000) in paragraph at lines 1337--1338

 []


Underfull \hbox (badness 10000) in paragraph at lines 1339--1340

 []


Underfull \hbox (badness 10000) in paragraph at lines 1341--1342

 []


Underfull \hbox (badness 10000) in paragraph at lines 1343--1344

 []

[86]
Underfull \hbox (badness 10000) in paragraph at lines 1345--1346

 []


Underfull \hbox (badness 10000) in paragraph at lines 1347--1348

 []


Underfull \hbox (badness 10000) in paragraph at lines 1349--1350

 []


Underfull \hbox (badness 10000) in paragraph at lines 1351--1352

 []


Underfull \hbox (badness 10000) in paragraph at lines 1353--1354

 []


Underfull \hbox (badness 10000) in paragraph at lines 1355--1356

 []


Underfull \hbox (badness 10000) in paragraph at lines 1357--1358

 []


Underfull \hbox (badness 10000) in paragraph at lines 1359--1362

 []

[87]
Underfull \hbox (badness 10000) in paragraph at lines 1363--1366

 []


Underfull \hbox (badness 10000) in paragraph at lines 1367--1368

 []


Underfull \hbox (badness 10000) in paragraph at lines 1369--1370

 []


Underfull \hbox (badness 10000) in paragraph at lines 1371--1372

 []


Underfull \hbox (badness 10000) in paragraph at lines 1373--1374

 []


Underfull \hbox (badness 10000) in paragraph at lines 1375--1376

 []


Underfull \hbox (badness 10000) in paragraph at lines 1377--1378

 []


Underfull \hbox (badness 10000) in paragraph at lines 1379--1380

 []

[88]
Underfull \hbox (badness 10000) in paragraph at lines 1394--1395

 []

[89]
Underfull \hbox (badness 10000) in paragraph at lines 1396--1397

 []


Underfull \hbox (badness 10000) in paragraph at lines 1398--1399

 []

[90] [91]
Chapter 7.
[92

] [93]
Chapter 8.

Underfull \hbox (badness 10000) in paragraph at lines 1433--1435

 []

[94

] [95] [96]
Underfull \hbox (badness 10000) in paragraph at lines 1462--1467

 []


Underfull \hbox (badness 10000) in paragraph at lines 1473--1474

 []

[97]
Underfull \hbox (badness 10000) in paragraph at lines 1475--1478

 []


Underfull \hbox (badness 10000) in paragraph at lines 1479--1481

 []

[98]
Underfull \hbox (badness 10000) in paragraph at lines 1508--1509

 []

[99] [100]
Underfull \hbox (badness 10000) in paragraph at lines 1521--1522

 []

[101] [102]
Underfull \hbox (badness 10000) in paragraph at lines 1537--1538

 []

[103] [104]
Overfull \hbox (1.9349pt too wide) in paragraph at lines 1563--1565
\OT1/cmr/m/n/12 http://www.boost.org/libs/test/doc/components/test[]tools/outpu
t[]test[]stream.html 
 []

[105] [106]
Chapter 9.
[107

]
Underfull \hbox (badness 5847) in paragraph at lines 1602--1604
[]\OT1/cmr/m/n/12 An On-Line HIV Treat-ment In-for-ma-tion Newslet-ter From the
 Seat-
 []


Underfull \hbox (badness 2165) in paragraph at lines 1602--1604
\OT1/cmr/m/n/12 tle Treat-ment Ed-u-ca-tion Project, Vol-ume 1, Is-sue 6, April
 14, 2000,
 []

[108


]
Missing character: There is no Ä in font cmr12!
Missing character: There is no Ä in font cmr12!
Missing character: There is no Ä in font cmr12!

Underfull \hbox (badness 10000) in paragraph at lines 1630--1632
[]\OT1/cmr/m/n/12 Nello Cris-tian-ini, BIOwulf Tech-nolo-gies, nello@support-ve
ctor.net,
 []


Underfull \hbox (badness 10000) in paragraph at lines 1630--1632
\OT1/cmr/m/n/12 http://www.support-vector.net/tutorial.html, http://www.support
-
 []


Overfull \hbox (14.97813pt too wide) in paragraph at lines 1633--1634
[]\OT1/cmr/m/n/12 Wolfram Re-search: Math-World, http://mathworld.wolfram.com/H
ilbertSpace.html 
 []

[109]
Missing character: There is no – in font cmr12!
 [110] [111] (HivmTex.aux)

LaTeX Warning: There were undefined references.


LaTeX Warning: There were multiply-defined labels.

 ) 
Here is how much of TeX's memory you used:
 1604 strings out of 95419
 20617 string characters out of 1187298
 68612 words of memory out of 1069240
 4689 multiletter control sequences out of 60000
 9635 words of font info for 36 fonts, out of 1000000 for 2000
 14 hyphenation exceptions out of 8191
 28i,11n,45p,1624b,326s stack positions out of 5000i,500n,10000p,200000b,32768s
PDF statistics:
 432 PDF objects out of 300000
 0 named destinations out of 300000
 41 words of extra memory for PDF output out of 10000
<C:/Program Files/MiKTeX 2.5/fonts/type1/bluesky/cm/cmtt12.pfb><C:/Program Fi
les/MiKTeX 2.5/fonts/type1/bluesky/cm/cmr6.pfb><C:/Program Files/MiKTeX 2.5/fon
ts/type1/bluesky/cm/cmsy6.pfb><C:/Program Files/MiKTeX 2.5/fonts/type1/bluesky/
cm/cmmi6.pfb><C:/Program Files/MiKTeX 2.5/fonts/type1/bluesky/cm/cmmi8.pfb><C:/
Program Files/MiKTeX 2.5/fonts/type1/bluesky/cm/cmr8.pfb><C:/Program Files/MiKT
eX 2.5/fonts/type1/bluesky/cm/cmex10.pfb><C:/Program Files/MiKTeX 2.5/fonts/typ
e1/bluesky/cm/cmti12.pfb><C:/Program Files/MiKTeX 2.5/fonts/type1/bluesky/cm/cm
sy8.pfb><C:/Program Files/MiKTeX 2.5/fonts/type1/bluesky/cm/cmmi12.pfb><C:/Prog
ram Files/MiKTeX 2.5/fonts/type1/bluesky/cm/cmsy10.pfb><C:/Program Files/MiKTeX
 2.5/fonts/type1/bluesky/cm/cmbx12.pfb><C:/Program Files/MiKTeX 2.5/fonts/type1
/bluesky/cm/cmr12.pfb><C:/Program Files/MiKTeX 2.5/fonts/type1/bluesky/cm/cmcsc
10.pfb>
Output written on HivmTex.pdf (119 pages, 1154067 bytes).
